app/manifest-merger-release-report.txt
-- Merging decision tree log ---
manifest
ADDED from AndroidManifest.xml:2:1
	package
		ADDED from AndroidManifest.xml:3:5
		INJECTED from AndroidManifest.xml:0:0
		INJECTED from AndroidManifest.xml:0:0
	android:versionName
		INJECTED from AndroidManifest.xml:0:0
		INJECTED from AndroidManifest.xml:0:0
	xmlns:android
		ADDED from AndroidManifest.xml:2:11
	android:versionCode
		INJECTED from AndroidManifest.xml:0:0
		INJECTED from AndroidManifest.xml:0:0
application
ADDED from AndroidManifest.xml:5:5
MERGED from com.android.support:appcompat-v7:21.0.3:16:5
MERGED from com.android.support:support-v4:21.0.3:16:5
MERGED from com.github.satyan:sugar:1.3:11:5
	android:label
		ADDED from AndroidManifest.xml:9:9
	android:allowBackup
		ADDED from AndroidManifest.xml:7:9
	android:icon
		ADDED from AndroidManifest.xml:8:9
	android:theme
		ADDED from AndroidManifest.xml:10:9
	android:name
		ADDED from AndroidManifest.xml:6:9
activity#za.co.afrikaburn.interpolate.ui.activities.MainActivity
ADDED from AndroidManifest.xml:11:9
	android:screenOrientation
		ADDED from AndroidManifest.xml:14:13
	android:label
		ADDED from AndroidManifest.xml:13:13
	android:name
		ADDED from AndroidManifest.xml:12:13
intent-filter#android.intent.action.MAIN+android.intent.category.LAUNCHER
ADDED from AndroidManifest.xml:15:13
action#android.intent.action.MAIN
ADDED from AndroidManifest.xml:16:17
	android:name
		ADDED from AndroidManifest.xml:16:25
category#android.intent.category.LAUNCHER
ADDED from AndroidManifest.xml:18:17
	android:name
		ADDED from AndroidManifest.xml:18:27
meta-data#com.bugsnag.android.API_KEY
ADDED from AndroidManifest.xml:22:9
	android:value
		ADDED from AndroidManifest.xml:22:63
	android:name
		ADDED from AndroidManifest.xml:22:20
meta-data#DATABASE
ADDED from AndroidManifest.xml:23:9
	android:value
		ADDED from AndroidManifest.xml:23:44
	android:name
		ADDED from AndroidManifest.xml:23:20
meta-data#VERSION
ADDED from AndroidManifest.xml:24:9
	android:value
		ADDED from AndroidManifest.xml:24:43
	android:name
		ADDED from AndroidManifest.xml:24:20
meta-data#QUERY_LOG
ADDED from AndroidManifest.xml:25:9
	android:value
		ADDED from AndroidManifest.xml:25:45
	android:name
		ADDED from AndroidManifest.xml:25:20
meta-data#DOMAIN_PACKAGE_NAME
ADDED from AndroidManifest.xml:26:9
	android:value
		ADDED from AndroidManifest.xml:26:55
	android:name
		ADDED from AndroidManifest.xml:26:20
uses-permission#android.permission.BLUETOOTH
ADDED from AndroidManifest.xml:29:5
	android:name
		ADDED from AndroidManifest.xml:29:22
uses-permission#android.permission.BLUETOOTH_ADMIN
ADDED from AndroidManifest.xml:30:5
	android:name
		ADDED from AndroidManifest.xml:30:22
uses-permission#android.permission.ACCESS_NETWORK_STATE
ADDED from AndroidManifest.xml:31:5
	android:name
		ADDED from AndroidManifest.xml:31:22
uses-permission#android.permission.INTERNET
ADDED from AndroidManifest.xml:32:5
	android:name
		ADDED from AndroidManifest.xml:32:22
uses-feature#android.hardware.bluetooth_le
ADDED from AndroidManifest.xml:34:5
	android:required
		ADDED from AndroidManifest.xml:34:64
	android:name
		ADDED from AndroidManifest.xml:34:19
uses-sdk
INJECTED from AndroidManifest.xml:0:0 reason: use-sdk injection requested
MERGED from com.android.support:appcompat-v7:21.0.3:15:5
MERGED from com.android.support:support-v4:21.0.3:15:5
MERGED from com.github.satyan:sugar:1.3:7:5
	android:targetSdkVersion
		INJECTED from AndroidManifest.xml:0:0
		INJECTED from AndroidManifest.xml:0:0
	android:minSdkVersion
		INJECTED from AndroidManifest.xml:0:0
		INJECTED from AndroidManifest.xml:0:0